d:\documents\uclan year three\game dev 2\assignment\tankassignment\debug\vc142.pdb
d:\documents\uclan year three\game dev 2\assignment\tankassignment\debug\vc142.idb
d:\documents\uclan year three\game dev 2\assignment\tankassignment\debug\cmatrix4x4.obj
d:\documents\uclan year three\game dev 2\assignment\tankassignment\debug\cmatrix3x3.obj
d:\documents\uclan year three\game dev 2\assignment\tankassignment\debug\cmatrix2x2.obj
d:\documents\uclan year three\game dev 2\assignment\tankassignment\debug\basemath.obj
d:\documents\uclan year three\game dev 2\assignment\tankassignment\debug\input.obj
d:\documents\uclan year three\game dev 2\assignment\tankassignment\debug\tankentity.obj
d:\documents\uclan year three\game dev 2\assignment\tankassignment\debug\shellentity.obj
d:\documents\uclan year three\game dev 2\assignment\tankassignment\debug\cimportxfile.obj
d:\documents\uclan year three\game dev 2\assignment\tankassignment\debug\rendermethod.obj
d:\documents\uclan year three\game dev 2\assignment\tankassignment\debug\mesh.obj
d:\documents\uclan year three\game dev 2\assignment\tankassignment\debug\utility.obj
d:\documents\uclan year three\game dev 2\assignment\tankassignment\debug\msdefines.obj
d:\documents\uclan year three\game dev 2\assignment\tankassignment\debug\ctimer.obj
d:\documents\uclan year three\game dev 2\assignment\tankassignment\debug\chashtable.obj
d:\documents\uclan year three\game dev 2\assignment\tankassignment\debug\cfatalexception.obj
d:\documents\uclan year three\game dev 2\assignment\tankassignment\debug\messenger.obj
d:\documents\uclan year three\game dev 2\assignment\tankassignment\debug\light.obj
d:\documents\uclan year three\game dev 2\assignment\tankassignment\debug\entitymanager.obj
d:\documents\uclan year three\game dev 2\assignment\tankassignment\debug\entity.obj
d:\documents\uclan year three\game dev 2\assignment\tankassignment\debug\camera.obj
d:\documents\uclan year three\game dev 2\assignment\tankassignment\debug\tankassignment.obj
d:\documents\uclan year three\game dev 2\assignment\tankassignment\debug\mainapp.obj
d:\documents\uclan year three\game dev 2\assignment\tankassignment\debug\mathio.obj
d:\documents\uclan year three\game dev 2\assignment\tankassignment\debug\cvector4.obj
d:\documents\uclan year three\game dev 2\assignment\tankassignment\debug\cvector3.obj
d:\documents\uclan year three\game dev 2\assignment\tankassignment\debug\cvector2.obj
d:\documents\uclan year three\game dev 2\assignment\tankassignment\debug\cquattransform.obj
d:\documents\uclan year three\game dev 2\assignment\tankassignment\debug\cquaternion.obj
d:\documents\uclan year three\game dev 2\assignment\tankassignment\debug\ammoboxentity.obj
d:\documents\uclan year three\game dev 2\assignment\tankassignment\tankassignment.exe
d:\documents\uclan year three\game dev 2\assignment\tankassignment\tankassignment.ilk
d:\documents\uclan year three\game dev 2\assignment\tankassignment\tankassignment.pdb
d:\documents\uclan year three\game dev 2\assignment\tankassignment\debug\tankassignment.tlog\cl.command.1.tlog
d:\documents\uclan year three\game dev 2\assignment\tankassignment\debug\tankassignment.tlog\cl.read.1.tlog
d:\documents\uclan year three\game dev 2\assignment\tankassignment\debug\tankassignment.tlog\cl.write.1.tlog
d:\documents\uclan year three\game dev 2\assignment\tankassignment\debug\tankassignment.tlog\link.command.1.tlog
d:\documents\uclan year three\game dev 2\assignment\tankassignment\debug\tankassignment.tlog\link.read.1.tlog
d:\documents\uclan year three\game dev 2\assignment\tankassignment\debug\tankassignment.tlog\link.write.1.tlog
